<?xml version="1.0" encoding="UTF-8"?>
<coverage generated="1727115523557" clover="3.2.0">
  <project timestamp="1727115523557" name="All files">
    <metrics statements="14" coveredstatements="14" conditionals="0" coveredconditionals="0" methods="10" coveredmethods="10" elements="24" coveredelements="24" complexity="0" loc="14" ncloc="14" packages="1" files="2" classes="2"/>
    <file name="Cart.ts" path="C:\Users\Julie\OneDrive\Рабочий стол\Homework\Movie\src\Cart.ts">
      <metrics statements="7" coveredstatements="7" conditionals="0" coveredconditionals="0" methods="8" coveredmethods="8"/>
      <line num="7" count="1" type="stmt"/>
      <line num="8" count="4" type="stmt"/>
      <line num="11" count="5" type="stmt"/>
      <line num="15" count="2" type="stmt"/>
      <line num="19" count="1" type="stmt"/>
      <line num="23" count="3" type="stmt"/>
      <line num="27" count="1" type="stmt"/>
    </file>
    <file name="Movie.ts" path="C:\Users\Julie\OneDrive\Рабочий стол\Homework\Movie\src\Movie.ts">
      <metrics statements="7" coveredstatements="7" conditionals="0" coveredconditionals="0" methods="2" coveredmethods="2"/>
      <line num="2" count="1" type="stmt"/>
      <line num="4" count="2" type="stmt"/>
      <line num="5" count="2" type="stmt"/>
      <line num="6" count="2" type="stmt"/>
      <line num="7" count="2" type="stmt"/>
      <line num="8" count="2" type="stmt"/>
      <line num="12" count="1" type="stmt"/>
    </file>
  </project>
</coverage>
