{"C:\\Users\\Julie\\OneDrive\\Рабочий стол\\Homework\\Movie\\src\\Cart.ts": {"path":"C:\\Users\\Julie\\OneDrive\\Рабочий стол\\Homework\\Movie\\src\\Cart.ts","statementMap":{"0":{"start":{"line":8,"column":12},"end":{"line":8,"column":31}},"1":{"start":{"line":11,"column":8},"end":{"line":11,"column":30}},"2":{"start":{"line":15,"column":8},"end":{"line":15,"column":26}},"3":{"start":{"line":19,"column":8},"end":{"line":19,"column":63}},"4":{"start":{"line":19,"column":47},"end":{"line":19,"column":61}},"5":{"start":{"line":23,"column":8},"end":{"line":23,"column":73}},"6":{"start":{"line":23,"column":50},"end":{"line":23,"column":68}},"7":{"start":{"line":27,"column":8},"end":{"line":27,"column":50}},"8":{"start":{"line":7,"column":0},"end":{"line":7,"column":13}}},"fnMap":{"0":{"name":"(anonymous_0)","decl":{"start":{"line":7,"column":0},"end":{"line":7,"column":13}},"loc":{"start":{"line":7,"column":0},"end":{"line":29,"column":1}}},"1":{"name":"(anonymous_1)","decl":{"start":{"line":10,"column":4},"end":{"line":10,"column":11}},"loc":{"start":{"line":10,"column":22},"end":{"line":12,"column":5}}},"2":{"name":"(anonymous_2)","decl":{"start":{"line":14,"column":4},"end":{"line":14,"column":12}},"loc":{"start":{"line":14,"column":12},"end":{"line":16,"column":5}}},"3":{"name":"(anonymous_3)","decl":{"start":{"line":18,"column":4},"end":{"line":18,"column":14}},"loc":{"start":{"line":18,"column":25},"end":{"line":20,"column":5}}},"4":{"name":"(anonymous_4)","decl":{"start":{"line":19,"column":39},"end":{"line":19,"column":43}},"loc":{"start":{"line":19,"column":47},"end":{"line":19,"column":61}}},"5":{"name":"(anonymous_5)","decl":{"start":{"line":22,"column":4},"end":{"line":22,"column":14}},"loc":{"start":{"line":22,"column":14},"end":{"line":24,"column":5}}},"6":{"name":"(anonymous_6)","decl":{"start":{"line":23,"column":33},"end":{"line":23,"column":34}},"loc":{"start":{"line":23,"column":50},"end":{"line":23,"column":68}}},"7":{"name":"(anonymous_7)","decl":{"start":{"line":26,"column":4},"end":{"line":26,"column":26}},"loc":{"start":{"line":26,"column":43},"end":{"line":28,"column":5}}}},"branchMap":{},"s":{"0":4,"1":5,"2":2,"3":1,"4":1,"5":2,"6":3,"7":1,"8":1},"f":{"0":4,"1":5,"2":2,"3":1,"4":1,"5":2,"6":3,"7":1},"b":{}}
,"C:\\Users\\Julie\\OneDrive\\Рабочий стол\\Homework\\Movie\\src\\Movie.ts": {"path":"C:\\Users\\Julie\\OneDrive\\Рабочий стол\\Homework\\Movie\\src\\Movie.ts","statementMap":{"0":{"start":{"line":4,"column":15},"end":{"line":4,"column":25}},"1":{"start":{"line":5,"column":15},"end":{"line":5,"column":28}},"2":{"start":{"line":6,"column":15},"end":{"line":6,"column":31}},"3":{"start":{"line":7,"column":15},"end":{"line":7,"column":28}},"4":{"start":{"line":8,"column":15},"end":{"line":8,"column":27}},"5":{"start":{"line":12,"column":8},"end":{"line":12,"column":60}},"6":{"start":{"line":2,"column":0},"end":{"line":2,"column":13}}},"fnMap":{"0":{"name":"(anonymous_0)","decl":{"start":{"line":3,"column":4},"end":{"line":3,"column":null}},"loc":{"start":{"line":8,"column":27},"end":{"line":9,"column":8}}},"1":{"name":"(anonymous_1)","decl":{"start":{"line":11,"column":4},"end":{"line":11,"column":14}},"loc":{"start":{"line":11,"column":14},"end":{"line":13,"column":5}}}},"branchMap":{},"s":{"0":2,"1":2,"2":2,"3":2,"4":2,"5":1,"6":1},"f":{"0":2,"1":1},"b":{}}
}
